TN:
SF:src/modules/audit/config/audit-interceptor.config.ts
FN:144,createAuditInterceptorConfig
FNF:1
FNH:0
FNDA:0,createAuditInterceptorConfig
DA:1,0
DA:51,0
DA:144,0
DA:147,0
LF:4
LH:0
BRDA:153,0,0,0
BRDA:153,0,1,0
BRDA:153,1,0,0
BRDA:153,1,1,0
BRDA:153,2,0,0
BRDA:153,2,1,0
BRDA:157,3,0,0
BRDA:157,3,1,0
BRDA:157,4,0,0
BRDA:157,4,1,0
BRDA:157,5,0,0
BRDA:157,5,1,0
BRDA:161,6,0,0
BRDA:161,6,1,0
BRDA:161,7,0,0
BRDA:161,7,1,0
BRDA:161,8,0,0
BRDA:161,8,1,0
BRDA:166,9,0,0
BRDA:166,9,1,0
BRDA:166,10,0,0
BRDA:166,10,1,0
BRDA:166,11,0,0
BRDA:166,11,1,0
BRDA:170,12,0,0
BRDA:170,12,1,0
BRDA:170,13,0,0
BRDA:170,13,1,0
BRDA:170,14,0,0
BRDA:170,14,1,0
BRDA:174,15,0,0
BRDA:174,15,1,0
BRDA:174,16,0,0
BRDA:174,16,1,0
BRDA:174,17,0,0
BRDA:174,17,1,0
BRF:36
BRH:0
end_of_record
TN:
SF:src/modules/audit/controllers/audit-log.controller.ts
FN:39,(anonymous_4)
FN:70,(anonymous_5)
FN:92,(anonymous_6)
FN:122,(anonymous_7)
FN:147,(anonymous_8)
FN:169,(anonymous_9)
FN:205,(anonymous_10)
FN:231,(anonymous_11)
FN:252,(anonymous_12)
FN:285,(anonymous_13)
FN:308,(anonymous_14)
FNF:11
FNH:0
FNDA:0,(anonymous_4)
FNDA:0,(anonymous_5)
FNDA:0,(anonymous_6)
FNDA:0,(anonymous_7)
FNDA:0,(anonymous_8)
FNDA:0,(anonymous_9)
FNDA:0,(anonymous_10)
FNDA:0,(anonymous_11)
FNDA:0,(anonymous_12)
FNDA:0,(anonymous_13)
FNDA:0,(anonymous_14)
DA:1,0
DA:16,0
DA:18,0
DA:19,0
DA:20,0
DA:21,0
DA:22,0
DA:23,0
DA:24,0
DA:25,0
DA:26,0
DA:32,0
DA:38,0
DA:40,0
DA:41,0
DA:70,0
DA:72,0
DA:92,0
DA:93,0
DA:94,0
DA:97,0
DA:98,0
DA:101,0
DA:102,0
DA:106,0
DA:122,0
DA:124,0
DA:147,0
DA:153,0
DA:169,0
DA:175,0
DA:176,0
DA:178,0
DA:184,0
DA:185,0
DA:205,0
DA:207,0
DA:231,0
DA:233,0
DA:252,0
DA:257,0
DA:258,0
DA:262,0
DA:268,0
DA:285,0
DA:287,0
DA:289,0
DA:308,0
DA:310,0
DA:312,0
LF:50
LH:0
BRDA:93,0,0,0
BRDA:97,1,0,0
BRDA:101,2,0,0
BRDA:171,3,0,0
BRDA:175,4,0,0
BRDA:175,4,1,0
BRDA:255,5,0,0
BRDA:257,6,0,0
BRDA:285,7,0,0
BRF:9
BRH:0
end_of_record
TN:
SF:src/modules/audit/decorators/audit.decorator.ts
FN:58,(anonymous_0)
FN:59,(anonymous_1)
FN:90,(anonymous_2)
FN:99,(anonymous_3)
FN:109,(anonymous_4)
FN:119,(anonymous_5)
FN:130,(anonymous_6)
FN:141,(anonymous_7)
FN:152,(anonymous_8)
FN:163,(anonymous_9)
FN:174,(anonymous_10)
FN:185,(anonymous_11)
FNF:12
FNH:0
FNDA:0,(anonymous_0)
FNDA:0,(anonymous_1)
FNDA:0,(anonymous_2)
FNDA:0,(anonymous_3)
FNDA:0,(anonymous_4)
FNDA:0,(anonymous_5)
FNDA:0,(anonymous_6)
FNDA:0,(anonymous_7)
FNDA:0,(anonymous_8)
FNDA:0,(anonymous_9)
FNDA:0,(anonymous_10)
FNDA:0,(anonymous_11)
DA:1,0
DA:2,0
DA:7,0
DA:8,0
DA:9,0
DA:10,0
DA:11,0
DA:58,0
DA:59,0
DA:60,0
DA:61,0
DA:63,0
DA:64,0
DA:66,0
DA:67,0
DA:69,0
DA:70,0
DA:74,0
DA:90,0
DA:99,0
DA:100,0
DA:109,0
DA:110,0
DA:119,0
DA:120,0
DA:130,0
DA:131,0
DA:141,0
DA:142,0
DA:152,0
DA:153,0
DA:163,0
DA:164,0
DA:174,0
DA:175,0
DA:185,0
DA:186,0
LF:37
LH:0
BRDA:58,0,0,0
BRDA:60,1,0,0
BRDA:63,2,0,0
BRDA:66,3,0,0
BRDA:69,4,0,0
BRDA:69,5,0,0
BRDA:69,5,1,0
BRDA:72,6,0,0
BRDA:72,6,1,0
BRF:9
BRH:0
end_of_record
TN:
SF:src/modules/audit/interceptors/audit-log.interceptor.ts
FN:22,(anonymous_2)
FN:27,(anonymous_3)
FN:42,(anonymous_4)
FN:76,(anonymous_5)
FN:80,(anonymous_6)
FN:92,(anonymous_7)
FN:126,(anonymous_8)
FN:154,(anonymous_9)
FN:172,(anonymous_10)
FN:175,(anonymous_11)
FN:178,(anonymous_12)
FN:201,(anonymous_13)
FN:235,(anonymous_14)
FN:264,(anonymous_15)
FN:275,(anonymous_16)
FNF:15
FNH:0
FNDA:0,(anonymous_2)
FNDA:0,(anonymous_3)
FNDA:0,(anonymous_4)
FNDA:0,(anonymous_5)
FNDA:0,(anonymous_6)
FNDA:0,(anonymous_7)
FNDA:0,(anonymous_8)
FNDA:0,(anonymous_9)
FNDA:0,(anonymous_10)
FNDA:0,(anonymous_11)
FNDA:0,(anonymous_12)
FNDA:0,(anonymous_13)
FNDA:0,(anonymous_14)
FNDA:0,(anonymous_15)
FNDA:0,(anonymous_16)
DA:1,0
DA:9,0
DA:10,0
DA:12,0
DA:13,0
DA:14,0
DA:21,0
DA:22,0
DA:28,0
DA:36,0
DA:49,0
DA:50,0
DA:51,0
DA:55,0
DA:56,0
DA:57,0
DA:58,0
DA:62,0
DA:63,0
DA:64,0
DA:68,0
DA:69,0
DA:70,0
DA:77,0
DA:80,0
DA:82,0
DA:83,0
DA:86,0
DA:94,0
DA:95,0
DA:99,0
DA:100,0
DA:101,0
DA:104,0
DA:105,0
DA:106,0
DA:107,0
DA:108,0
DA:113,0
DA:114,0
DA:115,0
DA:116,0
DA:120,0
DA:127,0
DA:129,0
DA:140,0
DA:142,0
DA:143,0
DA:144,0
DA:148,0
DA:160,0
DA:162,0
DA:163,0
DA:166,0
DA:173,0
DA:175,0
DA:179,0
DA:180,0
DA:181,0
DA:182,0
DA:185,0
DA:186,0
DA:189,0
DA:190,0
DA:191,0
DA:195,0
DA:200,0
DA:202,0
DA:203,0
DA:205,0
DA:206,0
DA:227,0
DA:236,0
DA:238,0
DA:241,0
DA:265,0
DA:275,0
LF:77
LH:0
BRDA:36,0,0,0
BRDA:36,0,1,0
BRDA:49,1,0,0
BRDA:50,2,0,0
BRDA:51,3,0,0
BRDA:55,4,0,0
BRDA:56,5,0,0
BRDA:57,6,0,0
BRDA:62,7,0,0
BRDA:63,8,0,0
BRDA:63,9,0,0
BRDA:63,9,1,0
BRDA:68,10,0,0
BRDA:69,11,0,0
BRDA:82,12,0,0
BRDA:83,13,0,0
BRDA:94,14,0,0
BRDA:94,15,0,0
BRDA:94,15,1,0
BRDA:101,16,0,0
BRDA:107,17,0,0
BRDA:107,18,0,0
BRDA:107,18,1,0
BRDA:115,19,0,0
BRDA:127,20,0,0
BRDA:127,21,0,0
BRDA:127,21,1,0
BRDA:143,22,0,0
BRDA:162,23,0,0
BRDA:185,24,0,0
BRDA:195,25,0,0
BRDA:195,25,1,0
BRDA:218,26,0,0
BRDA:218,26,1,0
BRDA:219,27,0,0
BRDA:219,27,1,0
BRDA:220,28,0,0
BRDA:220,28,1,0
BRDA:224,29,0,0
BRDA:224,29,1,0
BRDA:224,30,0,0
BRDA:224,30,1,0
BRDA:238,31,0,0
BRDA:238,31,1,0
BRDA:251,32,0,0
BRDA:251,32,1,0
BRDA:255,33,0,0
BRDA:255,33,1,0
BRDA:256,34,0,0
BRDA:256,34,1,0
BRDA:257,35,0,0
BRDA:257,35,1,0
BRDA:258,36,0,0
BRDA:258,36,1,0
BRDA:261,37,0,0
BRDA:261,37,1,0
BRDA:261,38,0,0
BRDA:261,38,1,0
BRF:58
BRH:0
end_of_record
TN:
SF:src/modules/audit/interceptors/audit.interceptor.ts
FN:54,(anonymous_2)
FN:64,(anonymous_3)
FN:71,(anonymous_4)
FN:93,(anonymous_5)
FN:107,(anonymous_6)
FN:119,(anonymous_7)
FN:123,(anonymous_8)
FN:131,(anonymous_9)
FN:135,(anonymous_10)
FN:140,(anonymous_11)
FN:146,(anonymous_12)
FN:163,(anonymous_13)
FN:185,(anonymous_14)
FN:192,(anonymous_15)
FN:194,(anonymous_16)
FN:207,(anonymous_17)
FN:332,(anonymous_18)
FN:363,(anonymous_19)
FN:375,(anonymous_20)
FN:397,(anonymous_21)
FN:422,(anonymous_22)
FN:456,(anonymous_23)
FN:469,(anonymous_24)
FN:484,(anonymous_25)
FN:512,(anonymous_26)
FN:526,(anonymous_27)
FN:540,createAuditInterceptor
FNF:27
FNH:0
FNDA:0,(anonymous_2)
FNDA:0,(anonymous_3)
FNDA:0,(anonymous_4)
FNDA:0,(anonymous_5)
FNDA:0,(anonymous_6)
FNDA:0,(anonymous_7)
FNDA:0,(anonymous_8)
FNDA:0,(anonymous_9)
FNDA:0,(anonymous_10)
FNDA:0,(anonymous_11)
FNDA:0,(anonymous_12)
FNDA:0,(anonymous_13)
FNDA:0,(anonymous_14)
FNDA:0,(anonymous_15)
FNDA:0,(anonymous_16)
FNDA:0,(anonymous_17)
FNDA:0,(anonymous_18)
FNDA:0,(anonymous_19)
FNDA:0,(anonymous_20)
FNDA:0,(anonymous_21)
FNDA:0,(anonymous_22)
FNDA:0,(anonymous_23)
FNDA:0,(anonymous_24)
FNDA:0,(anonymous_25)
FNDA:0,(anonymous_26)
FNDA:0,(anonymous_27)
FNDA:0,createAuditInterceptor
DA:1,0
DA:8,0
DA:9,0
DA:11,0
DA:12,0
DA:13,0
DA:14,0
DA:15,0
DA:19,0
DA:20,0
DA:51,0
DA:55,0
DA:56,0
DA:58,0
DA:65,0
DA:72,0
DA:73,0
DA:74,0
DA:75,0
DA:78,0
DA:79,0
DA:83,0
DA:84,0
DA:85,0
DA:89,0
DA:90,0
DA:92,0
DA:95,0
DA:96,0
DA:109,0
DA:110,0
DA:120,0
DA:123,0
DA:132,0
DA:135,0
DA:136,0
DA:140,0
DA:147,0
DA:148,0
DA:151,0
DA:152,0
DA:153,0
DA:154,0
DA:155,0
DA:157,0
DA:164,0
DA:167,0
DA:168,0
DA:170,0
DA:186,0
DA:187,0
DA:190,0
DA:192,0
DA:193,0
DA:194,0
DA:195,0
DA:196,0
DA:197,0
DA:201,0
DA:228,0
DA:231,0
DA:232,0
DA:233,0
DA:236,0
DA:243,0
DA:268,0
DA:271,0
DA:308,0
DA:309,0
DA:310,0
DA:316,0
DA:319,0
DA:320,0
DA:322,0
DA:334,0
DA:335,0
DA:336,0
DA:337,0
DA:341,0
DA:350,0
DA:351,0
DA:352,0
DA:353,0
DA:354,0
DA:355,0
DA:357,0
DA:364,0
DA:365,0
DA:369,0
DA:377,0
DA:378,0
DA:379,0
DA:383,0
DA:386,0
DA:387,0
DA:391,0
DA:399,0
DA:400,0
DA:401,0
DA:405,0
DA:406,0
DA:407,0
DA:411,0
DA:412,0
DA:413,0
DA:416,0
DA:427,0
DA:428,0
DA:432,0
DA:435,0
DA:436,0
DA:443,0
DA:444,0
DA:450,0
DA:458,0
DA:462,0
DA:463,0
DA:470,0
DA:471,0
DA:472,0
DA:478,0
DA:485,0
DA:502,0
DA:503,0
DA:506,0
DA:513,0
DA:514,0
DA:520,0
DA:527,0
DA:540,0
DA:545,0
DA:546,0
DA:547,0
DA:549,0
LF:134
LH:0
BRDA:78,0,0,0
BRDA:84,1,0,0
BRDA:135,2,0,0
BRDA:151,3,0,0
BRDA:151,3,1,0
BRDA:175,4,0,0
BRDA:175,4,1,0
BRDA:175,4,2,0
BRDA:186,5,0,0
BRDA:186,6,0,0
BRDA:186,6,1,0
BRDA:194,7,0,0
BRDA:194,7,1,0
BRDA:196,8,0,0
BRDA:231,9,0,0
BRDA:231,9,1,0
BRDA:232,10,0,0
BRDA:232,10,1,0
BRDA:233,11,0,0
BRDA:233,11,1,0
BRDA:258,12,0,0
BRDA:258,12,1,0
BRDA:261,13,0,0
BRDA:261,13,1,0
BRDA:262,14,0,0
BRDA:262,14,1,0
BRDA:279,15,0,0
BRDA:279,15,1,0
BRDA:279,16,0,0
BRDA:279,16,1,0
BRDA:280,17,0,0
BRDA:280,17,1,0
BRDA:280,18,0,0
BRDA:280,18,1,0
BRDA:281,19,0,0
BRDA:281,19,1,0
BRDA:281,20,0,0
BRDA:281,20,1,0
BRDA:285,21,0,0
BRDA:285,21,1,0
BRDA:299,22,0,0
BRDA:299,22,1,0
BRDA:299,23,0,0
BRDA:299,23,1,0
BRDA:336,24,0,0
BRDA:350,25,0,0
BRDA:351,26,0,0
BRDA:352,27,0,0
BRDA:353,28,0,0
BRDA:354,29,0,0
BRDA:355,30,0,0
BRDA:357,31,0,0
BRDA:357,31,1,0
BRDA:364,32,0,0
BRDA:369,33,0,0
BRDA:369,33,1,0
BRDA:378,34,0,0
BRDA:386,35,0,0
BRDA:391,36,0,0
BRDA:391,36,1,0
BRDA:400,37,0,0
BRDA:406,38,0,0
BRDA:412,39,0,0
BRDA:412,40,0,0
BRDA:412,40,1,0
BRDA:412,41,0,0
BRDA:412,41,1,0
BRDA:427,42,0,0
BRDA:435,43,0,0
BRDA:435,44,0,0
BRDA:435,44,1,0
BRDA:435,45,0,0
BRDA:435,45,1,0
BRDA:435,46,0,0
BRDA:435,46,1,0
BRDA:435,47,0,0
BRDA:435,47,1,0
BRDA:435,48,0,0
BRDA:435,48,1,0
BRDA:443,49,0,0
BRDA:443,50,0,0
BRDA:443,50,1,0
BRDA:471,51,0,0
BRDA:502,52,0,0
BRDA:506,53,0,0
BRDA:506,53,1,0
BRDA:520,54,0,0
BRDA:520,54,1,0
BRDA:528,55,0,0
BRDA:528,55,1,0
BRDA:528,55,2,0
BRDA:528,55,3,0
BRDA:528,55,4,0
BRDA:546,56,0,0
BRF:94
BRH:0
end_of_record
TN:
SF:src/modules/audit/queues/audit-log.processor.ts
FN:15,(anonymous_2)
FN:24,(anonymous_3)
FN:51,(anonymous_4)
FN:86,(anonymous_5)
FN:102,(anonymous_6)
FNF:5
FNH:0
FNDA:0,(anonymous_2)
FNDA:0,(anonymous_3)
FNDA:0,(anonymous_4)
FNDA:0,(anonymous_5)
FNDA:0,(anonymous_6)
DA:1,0
DA:3,0
DA:4,0
DA:5,0
DA:7,0
DA:14,0
DA:16,0
DA:17,0
DA:24,0
DA:25,0
DA:27,0
DA:28,0
DA:29,0
DA:31,0
DA:32,0
DA:38,0
DA:43,0
DA:51,0
DA:52,0
DA:54,0
DA:55,0
DA:56,0
DA:58,0
DA:59,0
DA:67,0
DA:68,0
DA:74,0
DA:79,0
DA:87,0
DA:104,0
LF:30
LH:0
BRDA:67,0,0,0
BRF:1
BRH:0
end_of_record
TN:
SF:src/modules/audit/queues/audit-log.queue.ts
FN:9,(anonymous_4)
FN:26,(anonymous_5)
FN:36,(anonymous_6)
FN:71,(anonymous_7)
FN:108,(anonymous_8)
FN:130,(anonymous_9)
FNF:6
FNH:0
FNDA:0,(anonymous_4)
FNDA:0,(anonymous_5)
FNDA:0,(anonymous_6)
FNDA:0,(anonymous_7)
FNDA:0,(anonymous_8)
FNDA:0,(anonymous_9)
DA:1,0
DA:2,0
DA:5,0
DA:7,0
DA:9,0
DA:10,0
DA:11,0
DA:12,0
DA:25,0
DA:28,0
DA:37,0
DA:38,0
DA:55,0
DA:56,0
DA:58,0
DA:62,0
DA:72,0
DA:73,0
DA:90,0
DA:94,0
DA:96,0
DA:100,0
DA:109,0
DA:117,0
DA:131,0
DA:132,0
LF:26
LH:0
BRDA:9,0,0,0
BRDA:9,0,1,0
BRF:2
BRH:0
end_of_record
TN:
SF:src/modules/audit/services/audit-log-batch.service.ts
FN:49,(anonymous_2)
FN:78,(anonymous_3)
FN:138,(anonymous_4)
FN:167,(anonymous_5)
FN:195,(anonymous_6)
FN:231,(anonymous_7)
FN:289,(anonymous_8)
FN:342,(anonymous_9)
FN:427,(anonymous_10)
FN:456,(anonymous_11)
FN:497,(anonymous_12)
FN:521,(anonymous_13)
FN:557,(anonymous_14)
FN:593,(anonymous_15)
FN:624,(anonymous_16)
FN:633,(anonymous_17)
FN:659,(anonymous_18)
FN:675,(anonymous_19)
FNF:18
FNH:0
FNDA:0,(anonymous_2)
FNDA:0,(anonymous_3)
FNDA:0,(anonymous_4)
FNDA:0,(anonymous_5)
FNDA:0,(anonymous_6)
FNDA:0,(anonymous_7)
FNDA:0,(anonymous_8)
FNDA:0,(anonymous_9)
FNDA:0,(anonymous_10)
FNDA:0,(anonymous_11)
FNDA:0,(anonymous_12)
FNDA:0,(anonymous_13)
FNDA:0,(anonymous_14)
FNDA:0,(anonymous_15)
FNDA:0,(anonymous_16)
FNDA:0,(anonymous_17)
FNDA:0,(anonymous_18)
FNDA:0,(anonymous_19)
DA:1,1
DA:2,1
DA:5,1
DA:6,1
DA:7,1
DA:45,1
DA:50,0
DA:51,0
DA:54,0
DA:57,0
DA:79,0
DA:82,0
DA:83,0
DA:85,0
DA:86,0
DA:88,0
DA:89,0
DA:93,0
DA:94,0
DA:96,0
DA:97,0
DA:99,0
DA:100,0
DA:106,0
DA:107,0
DA:108,0
DA:109,0
DA:110,0
DA:115,0
DA:116,0
DA:117,0
DA:118,0
DA:123,0
DA:124,0
DA:127,0
DA:139,0
DA:142,0
DA:143,0
DA:149,0
DA:150,0
DA:154,0
DA:155,0
DA:156,0
DA:157,0
DA:159,0
DA:168,0
DA:171,0
DA:172,0
DA:176,0
DA:177,0
DA:178,0
DA:179,0
DA:187,0
DA:196,0
DA:205,0
DA:206,0
DA:207,0
DA:210,0
DA:211,0
DA:212,0
DA:214,0
DA:215,0
DA:220,0
DA:221,0
DA:224,0
DA:228,0
DA:229,0
DA:230,0
DA:231,0
DA:245,0
DA:257,0
DA:258,0
DA:263,0
DA:264,0
DA:269,0
DA:272,0
DA:282,0
DA:290,0
DA:291,0
DA:292,0
DA:295,0
DA:311,0
DA:314,0
DA:322,0
DA:326,0
DA:328,0
DA:331,0
DA:347,0
DA:349,0
DA:358,0
DA:373,0
DA:375,0
DA:377,0
DA:379,0
DA:381,0
DA:382,0
DA:384,0
DA:385,0
DA:387,0
DA:388,0
DA:389,0
DA:392,0
DA:393,0
DA:396,0
DA:397,0
DA:407,0
DA:408,0
DA:411,0
DA:414,0
DA:417,0
DA:420,0
DA:421,0
DA:423,0
DA:427,0
DA:438,0
DA:440,0
DA:446,0
DA:460,0
DA:462,0
DA:465,0
DA:466,0
DA:467,0
DA:468,0
DA:469,0
DA:470,0
DA:471,0
DA:472,0
DA:473,0
DA:474,0
DA:477,0
DA:478,0
DA:479,0
DA:480,0
DA:483,0
DA:492,0
DA:494,0
DA:497,0
DA:501,0
DA:518,0
DA:520,0
DA:521,0
DA:522,0
DA:523,0
DA:524,0
DA:525,0
DA:527,0
DA:529,0
DA:532,0
DA:536,0
DA:539,0
DA:544,0
DA:545,0
DA:547,0
DA:561,0
DA:563,0
DA:566,0
DA:567,0
DA:568,0
DA:569,0
DA:570,0
DA:571,0
DA:572,0
DA:573,0
DA:574,0
DA:575,0
DA:578,0
DA:579,0
DA:580,0
DA:581,0
DA:585,0
DA:586,0
DA:587,0
DA:588,0
DA:591,0
DA:592,0
DA:594,0
DA:595,0
DA:601,0
DA:602,0
DA:603,0
DA:606,0
DA:608,0
DA:610,0
DA:611,0
DA:613,0
DA:614,0
DA:615,0
DA:619,0
DA:621,0
DA:622,0
DA:624,0
DA:625,0
DA:626,0
DA:627,0
DA:628,0
DA:630,0
DA:633,0
DA:634,0
DA:636,0
DA:639,0
DA:640,0
DA:656,0
DA:659,0
DA:660,0
DA:676,0
DA:677,0
DA:678,0
DA:679,0
DA:681,0
DA:683,0
DA:685,0
DA:688,0
DA:689,0
DA:690,0
DA:693,0
DA:694,0
DA:695,0
DA:697,0
DA:698,0
DA:701,0
DA:702,0
DA:707,0
DA:709,0
DA:713,0
LF:224
LH:6
BRDA:82,0,0,0
BRDA:85,1,0,0
BRDA:85,2,0,0
BRDA:85,2,1,0
BRDA:88,3,0,0
BRDA:88,4,0,0
BRDA:88,4,1,0
BRDA:93,5,0,0
BRDA:93,6,0,0
BRDA:93,6,1,0
BRDA:96,7,0,0
BRDA:96,8,0,0
BRDA:96,8,1,0
BRDA:99,9,0,0
BRDA:99,10,0,0
BRDA:99,10,1,0
BRDA:106,11,0,0
BRDA:109,12,0,0
BRDA:109,13,0,0
BRDA:109,13,1,0
BRDA:115,14,0,0
BRDA:117,15,0,0
BRDA:123,16,0,0
BRDA:123,17,0,0
BRDA:123,17,1,0
BRDA:123,17,2,0
BRDA:142,18,0,0
BRDA:149,19,0,0
BRDA:154,20,0,0
BRDA:155,21,0,0
BRDA:156,22,0,0
BRDA:157,23,0,0
BRDA:171,24,0,0
BRDA:171,25,0,0
BRDA:171,25,1,0
BRDA:176,26,0,0
BRDA:176,27,0,0
BRDA:176,27,1,0
BRDA:178,28,0,0
BRDA:214,29,0,0
BRDA:228,30,0,0
BRDA:234,31,0,0
BRDA:234,31,1,0
BRDA:235,32,0,0
BRDA:235,32,1,0
BRDA:235,33,0,0
BRDA:235,33,1,0
BRDA:236,34,0,0
BRDA:236,34,1,0
BRDA:237,35,0,0
BRDA:237,35,1,0
BRDA:238,36,0,0
BRDA:238,36,1,0
BRDA:239,37,0,0
BRDA:239,37,1,0
BRDA:267,38,0,0
BRDA:267,38,1,0
BRDA:345,39,0,0
BRDA:379,40,0,0
BRDA:379,40,1,0
BRDA:379,40,2,0
BRDA:379,40,3,0
BRDA:396,41,0,0
BRDA:411,42,0,0
BRDA:411,42,1,0
BRDA:414,43,0,0
BRDA:414,43,1,0
BRDA:417,44,0,0
BRDA:417,44,1,0
BRDA:420,45,0,0
BRDA:420,45,1,0
BRDA:432,46,0,0
BRDA:432,46,1,0
BRDA:458,47,0,0
BRDA:465,48,0,0
BRDA:466,49,0,0
BRDA:467,50,0,0
BRDA:468,51,0,0
BRDA:469,52,0,0
BRDA:470,53,0,0
BRDA:471,54,0,0
BRDA:473,55,0,0
BRDA:474,56,0,0
BRDA:477,57,0,0
BRDA:477,58,0,0
BRDA:477,58,1,0
BRDA:479,59,0,0
BRDA:480,60,0,0
BRDA:492,61,0,0
BRDA:492,61,1,0
BRDA:492,61,2,0
BRDA:492,61,3,0
BRDA:523,62,0,0
BRDA:523,63,0,0
BRDA:523,63,1,0
BRDA:524,64,0,0
BRDA:524,65,0,0
BRDA:524,65,1,0
BRDA:544,66,0,0
BRDA:559,67,0,0
BRDA:566,68,0,0
BRDA:567,69,0,0
BRDA:568,70,0,0
BRDA:569,71,0,0
BRDA:570,72,0,0
BRDA:571,73,0,0
BRDA:572,74,0,0
BRDA:574,75,0,0
BRDA:575,76,0,0
BRDA:578,77,0,0
BRDA:578,78,0,0
BRDA:578,78,1,0
BRDA:580,79,0,0
BRDA:581,80,0,0
BRDA:601,81,0,0
BRDA:608,82,0,0
BRDA:610,83,0,0
BRDA:611,84,0,0
BRDA:611,84,1,0
BRDA:619,85,0,0
BRDA:619,85,1,0
BRDA:619,85,2,0
BRDA:621,86,0,0
BRDA:626,87,0,0
BRDA:626,87,1,0
BRDA:626,88,0,0
BRDA:626,88,1,0
BRDA:628,89,0,0
BRDA:639,90,0,0
BRDA:665,91,0,0
BRDA:665,91,1,0
BRDA:666,92,0,0
BRDA:666,92,1,0
BRDA:667,93,0,0
BRDA:667,93,1,0
BRDA:668,94,0,0
BRDA:668,94,1,0
BRDA:669,95,0,0
BRDA:669,95,1,0
BRDA:670,96,0,0
BRDA:670,96,1,0
BRDA:671,97,0,0
BRDA:671,97,1,0
BRDA:673,98,0,0
BRDA:673,98,1,0
BRDA:674,99,0,0
BRDA:674,99,1,0
BRDA:676,100,0,0
BRDA:676,101,0,0
BRDA:676,101,1,0
BRDA:678,102,0,0
BRDA:678,103,0,0
BRDA:678,103,1,0
BRDA:678,103,2,0
BRDA:693,104,0,0
BRDA:694,105,0,0
BRF:156
BRH:0
end_of_record
TN:
SF:src/modules/audit/services/audit-log-cache.service.ts
FN:17,(anonymous_2)
FN:22,(anonymous_3)
FN:33,(anonymous_4)
FN:39,(anonymous_5)
FN:43,(anonymous_6)
FN:51,(anonymous_7)
FN:61,(anonymous_8)
FN:85,(anonymous_9)
FN:109,(anonymous_10)
FN:125,(anonymous_11)
FN:144,(anonymous_12)
FN:151,(anonymous_13)
FN:158,(anonymous_14)
FN:165,(anonymous_15)
FN:169,(anonymous_16)
FN:184,(anonymous_17)
FN:188,(anonymous_18)
FN:203,(anonymous_19)
FNF:18
FNH:0
FNDA:0,(anonymous_2)
FNDA:0,(anonymous_3)
FNDA:0,(anonymous_4)
FNDA:0,(anonymous_5)
FNDA:0,(anonymous_6)
FNDA:0,(anonymous_7)
FNDA:0,(anonymous_8)
FNDA:0,(anonymous_9)
FNDA:0,(anonymous_10)
FNDA:0,(anonymous_11)
FNDA:0,(anonymous_12)
FNDA:0,(anonymous_13)
FNDA:0,(anonymous_14)
FNDA:0,(anonymous_15)
FNDA:0,(anonymous_16)
FNDA:0,(anonymous_17)
FNDA:0,(anonymous_18)
FNDA:0,(anonymous_19)
DA:1,0
DA:2,0
DA:3,0
DA:4,0
DA:11,0
DA:13,0
DA:17,0
DA:18,0
DA:19,0
DA:23,0
DA:24,0
DA:25,0
DA:28,0
DA:34,0
DA:35,0
DA:39,0
DA:40,0
DA:43,0
DA:44,0
DA:52,0
DA:62,0
DA:64,0
DA:65,0
DA:66,0
DA:68,0
DA:69,0
DA:71,0
DA:74,0
DA:76,0
DA:86,0
DA:88,0
DA:89,0
DA:90,0
DA:92,0
DA:93,0
DA:94,0
DA:97,0
DA:98,0
DA:100,0
DA:101,0
DA:110,0
DA:112,0
DA:113,0
DA:114,0
DA:115,0
DA:117,0
DA:126,0
DA:128,0
DA:129,0
DA:130,0
DA:132,0
DA:133,0
DA:134,0
DA:137,0
DA:145,0
DA:152,0
DA:159,0
DA:166,0
DA:170,0
DA:171,0
DA:173,0
DA:178,0
DA:185,0
DA:189,0
DA:190,0
DA:192,0
DA:197,0
DA:204,0
DA:205,0
DA:206,0
LF:70
LH:0
BRDA:23,0,0,0
BRDA:62,1,0,0
BRDA:62,2,0,0
BRDA:62,2,1,0
BRDA:68,3,0,0
BRDA:68,3,1,0
BRDA:68,4,0,0
BRDA:68,4,1,0
BRDA:69,5,0,0
BRDA:69,5,1,0
BRDA:74,6,0,0
BRDA:74,6,1,0
BRDA:86,7,0,0
BRDA:86,8,0,0
BRDA:86,8,1,0
BRDA:92,9,0,0
BRDA:110,10,0,0
BRDA:110,11,0,0
BRDA:110,11,1,0
BRDA:126,12,0,0
BRDA:126,13,0,0
BRDA:126,13,1,0
BRDA:132,14,0,0
BRDA:170,15,0,0
BRDA:170,16,0,0
BRDA:170,16,1,0
BRDA:189,17,0,0
BRDA:189,18,0,0
BRDA:189,18,1,0
BRDA:204,19,0,0
BRF:30
BRH:0
end_of_record
TN:
SF:src/modules/audit/services/audit-log-scheduler.service.ts
FN:15,(anonymous_2)
FN:23,(anonymous_3)
FN:36,(anonymous_4)
FN:75,(anonymous_5)
FN:124,(anonymous_6)
FN:141,(anonymous_7)
FN:163,(anonymous_8)
FN:174,(anonymous_9)
FNF:8
FNH:8
FNDA:18,(anonymous_2)
FNDA:2,(anonymous_3)
FNDA:4,(anonymous_4)
FNDA:3,(anonymous_5)
FNDA:2,(anonymous_6)
FNDA:5,(anonymous_7)
FNDA:1,(anonymous_8)
FNDA:2,(anonymous_9)
DA:1,1
DA:2,1
DA:3,1
DA:4,1
DA:5,1
DA:12,1
DA:16,18
DA:17,18
DA:20,18
DA:24,2
DA:25,1
DA:27,1
DA:36,1
DA:37,4
DA:38,1
DA:41,3
DA:43,3
DA:44,3
DA:46,2
DA:52,2
DA:57,1
DA:63,1
DA:75,1
DA:76,3
DA:77,1
DA:80,2
DA:82,2
DA:83,2
DA:84,2
DA:85,2
DA:87,2
DA:93,1
DA:100,1
DA:107,1
DA:112,1
DA:124,1
DA:125,2
DA:126,1
DA:133,1
DA:142,5
DA:145,5
DA:152,0
DA:164,1
DA:165,1
DA:179,2
DA:185,2
LF:46
LH:45
BRDA:24,0,0,1
BRDA:24,0,1,1
BRDA:37,1,0,1
BRDA:76,2,0,1
BRDA:125,3,0,1
BRDA:177,4,0,1
BRF:6
BRH:6
end_of_record
TN:
SF:src/modules/audit/services/audit-log.service.ts
FN:21,(anonymous_3)
FN:31,(anonymous_4)
FN:45,(anonymous_5)
FN:82,(anonymous_6)
FN:91,(anonymous_7)
FN:186,(anonymous_8)
FN:210,(anonymous_9)
FN:241,(anonymous_10)
FN:272,(anonymous_11)
FN:304,(anonymous_12)
FN:332,(anonymous_13)
FN:366,(anonymous_14)
FN:403,(anonymous_15)
FN:464,(anonymous_16)
FN:471,(anonymous_17)
FN:478,(anonymous_18)
FN:484,(anonymous_19)
FN:489,(anonymous_20)
FNF:18
FNH:0
FNDA:0,(anonymous_3)
FNDA:0,(anonymous_4)
FNDA:0,(anonymous_5)
FNDA:0,(anonymous_6)
FNDA:0,(anonymous_7)
FNDA:0,(anonymous_8)
FNDA:0,(anonymous_9)
FNDA:0,(anonymous_10)
FNDA:0,(anonymous_11)
FNDA:0,(anonymous_12)
FNDA:0,(anonymous_13)
FNDA:0,(anonymous_14)
FNDA:0,(anonymous_15)
FNDA:0,(anonymous_16)
FNDA:0,(anonymous_17)
FNDA:0,(anonymous_18)
FNDA:0,(anonymous_19)
FNDA:0,(anonymous_20)
DA:1,0
DA:7,0
DA:9,0
DA:10,0
DA:13,0
DA:20,0
DA:22,0
DA:23,0
DA:32,0
DA:46,0
DA:49,0
DA:65,0
DA:67,0
DA:69,0
DA:73,0
DA:83,0
DA:92,0
DA:99,0
DA:100,0
DA:103,0
DA:106,0
DA:107,0
DA:111,0
DA:112,0
DA:113,0
DA:114,0
DA:115,0
DA:116,0
DA:117,0
DA:118,0
DA:119,0
DA:120,0
DA:121,0
DA:122,0
DA:123,0
DA:124,0
DA:127,0
DA:128,0
DA:129,0
DA:130,0
DA:134,0
DA:135,0
DA:139,0
DA:140,0
DA:144,0
DA:145,0
DA:146,0
DA:147,0
DA:151,0
DA:152,0
DA:161,0
DA:164,0
DA:165,0
DA:168,0
DA:179,0
DA:180,0
DA:181,0
DA:185,0
DA:186,0
DA:197,0
DA:201,0
DA:211,0
DA:212,0
DA:216,0
DA:217,0
DA:222,0
DA:224,0
DA:225,0
DA:227,0
DA:231,0
DA:242,0
DA:243,0
DA:253,0
DA:255,0
DA:256,0
DA:258,0
DA:263,0
DA:273,0
DA:274,0
DA:275,0
DA:277,0
DA:289,0
DA:291,0
DA:295,0
DA:305,0
DA:306,0
DA:307,0
DA:309,0
DA:317,0
DA:319,0
DA:323,0
DA:333,0
DA:334,0
DA:337,0
DA:338,0
DA:341,0
DA:347,0
DA:348,0
DA:350,0
DA:351,0
DA:353,0
DA:357,0
DA:371,0
DA:372,0
DA:376,0
DA:377,0
DA:380,0
DA:381,0
DA:384,0
DA:388,0
DA:390,0
DA:394,0
DA:408,0
DA:411,0
DA:412,0
DA:413,0
DA:414,0
DA:415,0
DA:418,0
DA:419,0
DA:421,0
DA:422,0
DA:423,0
DA:424,0
DA:428,0
DA:461,0
DA:465,0
DA:466,0
DA:472,0
DA:473,0
DA:479,0
DA:480,0
DA:484,0
DA:489,0
DA:498,0
DA:500,0
DA:502,0
DA:507,0
LF:138
LH:0
BRDA:53,0,0,0
BRDA:53,0,1,0
BRDA:54,1,0,0
BRDA:54,1,1,0
BRDA:54,2,0,0
BRDA:54,2,1,0
BRDA:55,3,0,0
BRDA:55,3,1,0
BRDA:56,4,0,0
BRDA:56,4,1,0
BRDA:57,5,0,0
BRDA:57,5,1,0
BRDA:58,6,0,0
BRDA:58,6,1,0
BRDA:94,7,0,0
BRDA:95,8,0,0
BRDA:96,9,0,0
BRDA:97,10,0,0
BRDA:98,11,0,0
BRDA:106,12,0,0
BRDA:111,13,0,0
BRDA:112,14,0,0
BRDA:113,15,0,0
BRDA:114,16,0,0
BRDA:115,17,0,0
BRDA:116,18,0,0
BRDA:117,19,0,0
BRDA:118,20,0,0
BRDA:119,21,0,0
BRDA:120,22,0,0
BRDA:121,23,0,0
BRDA:122,24,0,0
BRDA:123,25,0,0
BRDA:124,26,0,0
BRDA:127,27,0,0
BRDA:127,28,0,0
BRDA:127,28,1,0
BRDA:129,29,0,0
BRDA:130,30,0,0
BRDA:134,31,0,0
BRDA:134,32,0,0
BRDA:134,32,1,0
BRDA:139,33,0,0
BRDA:139,34,0,0
BRDA:139,34,1,0
BRDA:144,35,0,0
BRDA:144,36,0,0
BRDA:144,36,1,0
BRDA:146,37,0,0
BRDA:147,38,0,0
BRDA:151,39,0,0
BRDA:216,40,0,0
BRDA:224,41,0,0
BRDA:255,42,0,0
BRDA:272,43,0,0
BRDA:304,44,0,0
BRDA:337,45,0,0
BRDA:337,46,0,0
BRDA:337,46,1,0
BRDA:347,47,0,0
BRDA:350,48,0,0
BRDA:376,49,0,0
BRDA:380,50,0,0
BRDA:413,51,0,0
BRDA:421,52,0,0
BRDA:421,53,0,0
BRDA:421,53,1,0
BRDA:423,54,0,0
BRDA:424,55,0,0
BRDA:479,56,0,0
BRDA:479,56,1,0
BRDA:485,57,0,0
BRDA:485,57,1,0
BRDA:485,58,0,0
BRDA:485,58,1,0
BRDA:486,59,0,0
BRDA:486,59,1,0
BRDA:486,60,0,0
BRDA:486,60,1,0
BRF:79
BRH:0
end_of_record
TN:
SF:src/modules/audit/utils/audit-context.util.ts
FN:24,(anonymous_0)
FN:44,(anonymous_1)
FN:65,(anonymous_2)
FN:87,(anonymous_3)
FN:112,(anonymous_4)
FN:133,(anonymous_5)
FN:153,(anonymous_6)
FN:178,(anonymous_7)
FN:183,(anonymous_8)
FN:189,(anonymous_9)
FN:195,(anonymous_10)
FNF:11
FNH:0
FNDA:0,(anonymous_0)
FNDA:0,(anonymous_1)
FNDA:0,(anonymous_2)
FNDA:0,(anonymous_3)
FNDA:0,(anonymous_4)
FNDA:0,(anonymous_5)
FNDA:0,(anonymous_6)
FNDA:0,(anonymous_7)
FNDA:0,(anonymous_8)
FNDA:0,(anonymous_9)
FNDA:0,(anonymous_10)
DA:3,0
DA:18,0
DA:25,0
DA:26,0
DA:27,0
DA:29,0
DA:46,0
DA:48,0
DA:49,0
DA:52,0
DA:66,0
DA:67,0
DA:68,0
DA:70,0
DA:72,0
DA:75,0
DA:76,0
DA:79,0
DA:93,0
DA:94,0
DA:95,0
DA:99,0
DA:100,0
DA:102,0
DA:117,0
DA:138,0
DA:157,0
DA:158,0
DA:161,0
DA:163,0
DA:164,0
DA:165,0
DA:169,0
DA:179,0
DA:182,0
DA:183,0
DA:184,0
DA:188,0
DA:189,0
DA:190,0
DA:194,0
DA:195,0
DA:196,0
DA:200,0
DA:201,0
DA:204,0
LF:46
LH:0
BRDA:25,0,0,0
BRDA:25,0,1,0
BRDA:27,1,0,0
BRDA:27,1,1,0
BRDA:33,2,0,0
BRDA:33,2,1,0
BRDA:48,3,0,0
BRDA:53,4,0,0
BRDA:53,4,1,0
BRDA:56,5,0,0
BRDA:56,5,1,0
BRDA:68,6,0,0
BRDA:68,6,1,0
BRDA:68,7,0,0
BRDA:68,7,1,0
BRDA:68,8,0,0
BRDA:68,8,1,0
BRDA:68,9,0,0
BRDA:68,9,1,0
BRDA:68,10,0,0
BRDA:68,10,1,0
BRDA:70,11,0,0
BRDA:75,12,0,0
BRDA:79,13,0,0
BRDA:79,13,1,0
BRDA:94,14,0,0
BRDA:94,15,0,0
BRDA:94,15,1,0
BRDA:94,16,0,0
BRDA:94,16,1,0
BRDA:99,17,0,0
BRDA:99,17,1,0
BRDA:99,18,0,0
BRDA:99,18,1,0
BRDA:102,19,0,0
BRDA:102,19,1,0
BRDA:120,20,0,0
BRDA:120,20,1,0
BRDA:155,21,0,0
BRDA:157,22,0,0
BRDA:157,23,0,0
BRDA:157,23,1,0
BRDA:164,24,0,0
BRDA:183,25,0,0
BRDA:189,26,0,0
BRDA:195,27,0,0
BRDA:200,28,0,0
BRF:47
BRH:0
end_of_record
TN:
SF:src/modules/audit/utils/audit-logger.util.ts
FN:43,(anonymous_2)
FN:58,(anonymous_3)
FN:145,(anonymous_4)
FN:185,(anonymous_5)
FN:227,(anonymous_6)
FN:263,(anonymous_7)
FN:293,(anonymous_8)
FNF:7
FNH:0
FNDA:0,(anonymous_2)
FNDA:0,(anonymous_3)
FNDA:0,(anonymous_4)
FNDA:0,(anonymous_5)
FNDA:0,(anonymous_6)
FNDA:0,(anonymous_7)
FNDA:0,(anonymous_8)
DA:1,0
DA:3,0
DA:4,0
DA:5,0
DA:7,0
DA:8,0
DA:9,0
DA:40,0
DA:44,0
DA:45,0
DA:46,0
DA:49,0
DA:59,0
DA:60,0
DA:61,0
DA:64,0
DA:68,0
DA:71,0
DA:74,0
DA:78,0
DA:113,0
DA:114,0
DA:115,0
DA:117,0
DA:119,0
DA:121,0
DA:125,0
DA:132,0
DA:133,0
DA:146,0
DA:148,0
DA:172,0
DA:173,0
DA:174,0
DA:176,0
DA:186,0
DA:188,0
DA:211,0
DA:212,0
DA:213,0
DA:215,0
DA:234,0
DA:272,0
DA:300,0
LF:44
LH:0
BRDA:68,0,0,0
BRDA:68,0,1,0
BRDA:71,1,0,0
BRDA:71,1,1,0
BRDA:74,2,0,0
BRDA:74,2,1,0
BRDA:80,3,0,0
BRDA:80,3,1,0
BRDA:86,4,0,0
BRDA:86,4,1,0
BRDA:86,5,0,0
BRDA:86,5,1,0
BRDA:87,6,0,0
BRDA:87,6,1,0
BRDA:87,7,0,0
BRDA:87,7,1,0
BRDA:88,8,0,0
BRDA:88,8,1,0
BRDA:88,9,0,0
BRDA:88,9,1,0
BRDA:101,10,0,0
BRDA:101,10,1,0
BRDA:101,11,0,0
BRDA:101,11,1,0
BRDA:107,12,0,0
BRDA:107,12,1,0
BRDA:108,13,0,0
BRDA:108,13,1,0
BRDA:113,14,0,0
BRDA:113,14,1,0
BRDA:132,15,0,0
BRDA:150,16,0,0
BRDA:150,16,1,0
BRDA:162,17,0,0
BRDA:162,17,1,0
BRDA:172,18,0,0
BRDA:172,18,1,0
BRDA:211,19,0,0
BRDA:211,19,1,0
BRDA:274,20,0,0
BRDA:274,20,1,0
BRDA:302,21,0,0
BRDA:302,21,1,0
BRF:43
BRH:0
end_of_record
